#
# There is insufficient memory for the Java Runtime Environment to continue.
# Native memory allocation (malloc) failed to allocate 32744 bytes for ChunkPool::allocate
# Possible reasons:
#   The system is out of physical RAM or swap space
#   In 32 bit mode, the process size limit was hit
# Possible solutions:
#   Reduce memory load on the system
#   Increase physical memory or swap space
#   Check if swap backing store is full
#   Use 64 bit Java on a 64 bit OS
#   Decrease Java heap size (-Xmx/-Xms)
#   Decrease number of Java threads
#   Decrease Java thread stack sizes (-Xss)
#   Set larger code cache with -XX:ReservedCodeCacheSize=
# This output file may be truncated or incomplete.
#
#  Out of Memory Error (allocation.cpp:273), pid=9084, tid=0x0000000000000e48
#
# JRE version: Java(TM) SE Runtime Environment (8.0_181-b13) (build 1.8.0_181-b13)
# Java VM: Java HotSpot(TM) 64-Bit Server VM (25.181-b13 mixed mode windows-amd64 compressed oops)
# Failed to write core dump. Minidumps are not enabled by default on client versions of Windows
#

---------------  T H R E A D  ---------------

Current thread (0x0000000016fa2000):  JavaThread "C1 CompilerThread2" daemon [_thread_in_native, id=3656, stack(0x0000000017350000,0x0000000017450000)]

Stack: [0x0000000017350000,0x0000000017450000]
[error occurred during error reporting (printing stack bounds), id 0xc0000005]

Native frames: (J=compiled Java code, j=interpreted, Vv=VM code, C=native code)


Current CompileTask:
C1:   6430 3713       1       java.text.SimpleDateFormat::subFormat (1260 bytes)


---------------  P R O C E S S  ---------------

Java Threads: ( => current thread )
  0x0000000017be4800 JavaThread "restartedMain" [_thread_in_native, id=4344, stack(0x0000000018cd0000,0x0000000018dd0000)]
  0x0000000017be4000 JavaThread "Thread-2" [_thread_blocked, id=10064, stack(0x0000000018bd0000,0x0000000018cd0000)]
  0x0000000017739800 JavaThread "RMI TCP Connection(2)-127.0.0.1" daemon [_thread_in_native, id=1276, stack(0x0000000018690000,0x0000000018790000)]
  0x00000000176c0800 JavaThread "RMI Scheduler(0)" daemon [_thread_blocked, id=8136, stack(0x0000000018590000,0x0000000018690000)]
  0x00000000176b7000 JavaThread "RMI TCP Connection(1)-127.0.0.1" daemon [_thread_in_native, id=6988, stack(0x0000000018390000,0x0000000018490000)]
  0x00000000176b3000 JavaThread "RMI TCP Accept-0" daemon [_thread_in_native, id=10172, stack(0x0000000018290000,0x0000000018390000)]
  0x00000000176ac000 JavaThread "RMI TCP Accept-54395" daemon [_thread_in_native, id=1648, stack(0x0000000018190000,0x0000000018290000)]
  0x000000001769f000 JavaThread "RMI TCP Accept-0" daemon [_thread_in_native, id=1680, stack(0x0000000018090000,0x0000000018190000)]
  0x0000000017479000 JavaThread "Service Thread" daemon [_thread_blocked, id=6812, stack(0x0000000017c50000,0x0000000017d50000)]
=>0x0000000016fa2000 JavaThread "C1 CompilerThread2" daemon [_thread_in_native, id=3656, stack(0x0000000017350000,0x0000000017450000)]
  0x0000000016f89800 JavaThread "C2 CompilerThread1" daemon [_thread_blocked, id=10168, stack(0x0000000017250000,0x0000000017350000)]
  0x0000000016ff0000 JavaThread "C2 CompilerThread0" daemon [_thread_blocked, id=8712, stack(0x0000000017150000,0x0000000017250000)]
  0x0000000016f54800 JavaThread "Monitor Ctrl-Break" daemon [_thread_in_native, id=9732, stack(0x0000000017050000,0x0000000017150000)]
  0x0000000015611000 JavaThread "Attach Listener" daemon [_thread_blocked, id=5500, stack(0x0000000016b50000,0x0000000016c50000)]
  0x0000000015610000 JavaThread "Signal Dispatcher" daemon [_thread_blocked, id=2176, stack(0x0000000016a50000,0x0000000016b50000)]
  0x00000000155f0000 JavaThread "Finalizer" daemon [_thread_blocked, id=3744, stack(0x0000000016860000,0x0000000016960000)]
  0x0000000002e35000 JavaThread "Reference Handler" daemon [_thread_blocked, id=3836, stack(0x0000000016760000,0x0000000016860000)]
  0x0000000002d46800 JavaThread "main" [_thread_blocked, id=9816, stack(0x0000000002c40000,0x0000000002d40000)]

Other Threads:
  0x00000000155c7000 VMThread [stack: 0x0000000016660000,0x0000000016760000] [id=8212]
  0x00000000176ba000 WatcherThread [stack: 0x0000000018490000,0x0000000018590000] [id=8316]

VM state:not at safepoint (normal execution)

VM Mutex/Monitor currently owned by a thread: None

Heap:
 PSYoungGen      total 186880K, used 36109K [0x00000000eb400000, 0x00000000fb080000, 0x0000000100000000)
  eden space 175104K, 20% used [0x00000000eb400000,0x00000000ed7436f0,0x00000000f5f00000)
  from space 11776K, 0% used [0x00000000f5f00000,0x00000000f5f00000,0x00000000f6a80000)
  to   space 12288K, 0% used [0x00000000fa480000,0x00000000fa480000,0x00000000fb080000)
 ParOldGen       total 71680K, used 27111K [0x00000000c1c00000, 0x00000000c6200000, 0x00000000eb400000)
  object space 71680K, 37% used [0x00000000c1c00000,0x00000000c3679f60,0x00000000c6200000)
 Metaspace       used 35327K, capacity 35956K, committed 36312K, reserved 1081344K
  class space    used 4639K, capacity 4819K, committed 4864K, reserved 1048576K

Card table byte_map: [0x00000000123f0000,0x00000000125f0000] byte_map_base: 0x0000000011de2000

Marking Bits: (ParMarkBitMap*) 0x0000000066972d00
 Begin Bits: [0x0000000012b40000, 0x0000000013ad0000)
 End Bits:   [0x0000000013ad0000, 0x0000000014a60000)

Polling page: 0x0000000000d70000

CodeCache: size=245760Kb used=7997Kb max_used=7997Kb free=237762Kb
 bounds [0x0000000003030000, 0x0000000003800000, 0x0000000012030000]
 total_blobs=4130 nmethods=3707 adapters=335
 compilation: enabled

Compilation events (10 events):
Event: 6.368 Thread 0x0000000016fa2000 nmethod 3708 0x00000000037fd610 code [0x00000000037fd7a0, 0x00000000037fda28]
Event: 6.369 Thread 0x0000000016fa2000 3710       1       org.springframework.beans.factory.annotation.RequiredAnnotationBeanPostProcessor::isRequiredProperty (26 bytes)
Event: 6.369 Thread 0x0000000016fa2000 nmethod 3710 0x00000000037fdb50 code [0x00000000037fdcc0, 0x00000000037fde68]
Event: 6.369 Thread 0x0000000016fa2000 3709       1       org.springframework.beans.factory.annotation.RequiredAnnotationBeanPostProcessor::getRequiredAnnotationType (5 bytes)
Event: 6.369 Thread 0x0000000016fa2000 nmethod 3709 0x00000000037fdf50 code [0x00000000037fe0a0, 0x00000000037fe1b0]
Event: 6.372 Thread 0x0000000016fa2000 3711       1       org.springframework.beans.factory.support.AbstractAutowireCapableBeanFactory::resolveBeforeInstantiation (83 bytes)
Event: 6.373 Thread 0x0000000016fa2000 nmethod 3711 0x00000000037fe210 code [0x00000000037fe3a0, 0x00000000037fe728]
Event: 6.373 Thread 0x0000000016fa2000 3712       1       org.springframework.core.MethodParameter::getNestedParameterType (122 bytes)
Event: 6.373 Thread 0x0000000016fa2000 nmethod 3712 0x00000000037fe910 code [0x00000000037feb20, 0x00000000037ff148]
Event: 6.377 Thread 0x0000000016fa2000 3713       1       java.text.SimpleDateFormat::subFormat (1260 bytes)

GC Heap History (10 events):
Event: 2.955 GC heap before
{Heap before GC invocations=9 (full 1):
 PSYoungGen      total 139264K, used 4300K [0x00000000eb400000, 0x00000000f4500000, 0x0000000100000000)
  eden space 131072K, 0% used [0x00000000eb400000,0x00000000eb400000,0x00000000f3400000)
  from space 8192K, 52% used [0x00000000f3d00000,0x00000000f4133208,0x00000000f4500000)
  to   space 8704K, 0% used [0x00000000f3400000,0x00000000f3400000,0x00000000f3c80000)
 ParOldGen       total 44032K, used 14013K [0x00000000c1c00000, 0x00000000c4700000, 0x00000000eb400000)
  object space 44032K, 31% used [0x00000000c1c00000,0x00000000c29af450,0x00000000c4700000)
 Metaspace       used 20799K, capacity 21148K, committed 21248K, reserved 1067008K
  class space    used 2626K, capacity 2746K, committed 2816K, reserved 1048576K
Event: 3.008 GC heap after
Heap after GC invocations=9 (full 1):
 PSYoungGen      total 139264K, used 0K [0x00000000eb400000, 0x00000000f4500000, 0x0000000100000000)
  eden space 131072K, 0% used [0x00000000eb400000,0x00000000eb400000,0x00000000f3400000)
  from space 8192K, 0% used [0x00000000f3d00000,0x00000000f3d00000,0x00000000f4500000)
  to   space 8704K, 0% used [0x00000000f3400000,0x00000000f3400000,0x00000000f3c80000)
 ParOldGen       total 42496K, used 14044K [0x00000000c1c00000, 0x00000000c4580000, 0x00000000eb400000)
  object space 42496K, 33% used [0x00000000c1c00000,0x00000000c29b7000,0x00000000c4580000)
 Metaspace       used 20799K, capacity 21148K, committed 21248K, reserved 1067008K
  class space    used 2626K, capacity 2746K, committed 2816K, reserved 1048576K
}
Event: 3.937 GC heap before
{Heap before GC invocations=10 (full 1):
 PSYoungGen      total 139264K, used 131072K [0x00000000eb400000, 0x00000000f4500000, 0x0000000100000000)
  eden space 131072K, 100% used [0x00000000eb400000,0x00000000f3400000,0x00000000f3400000)
  from space 8192K, 0% used [0x00000000f3d00000,0x00000000f3d00000,0x00000000f4500000)
  to   space 8704K, 0% used [0x00000000f3400000,0x00000000f3400000,0x00000000f3c80000)
 ParOldGen       total 42496K, used 14044K [0x00000000c1c00000, 0x00000000c4580000, 0x00000000eb400000)
  object space 42496K, 33% used [0x00000000c1c00000,0x00000000c29b7000,0x00000000c4580000)
 Metaspace       used 24349K, capacity 24816K, committed 25088K, reserved 1071104K
  class space    used 3163K, capacity 3275K, committed 3328K, reserved 1048576K
Event: 3.945 GC heap after
Heap after GC invocations=10 (full 1):
 PSYoungGen      total 139776K, used 6873K [0x00000000eb400000, 0x00000000f7480000, 0x0000000100000000)
  eden space 131072K, 0% used [0x00000000eb400000,0x00000000eb400000,0x00000000f3400000)
  from space 8704K, 78% used [0x00000000f3400000,0x00000000f3ab6630,0x00000000f3c80000)
  to   space 9216K, 0% used [0x00000000f6b80000,0x00000000f6b80000,0x00000000f7480000)
 ParOldGen       total 42496K, used 14052K [0x00000000c1c00000, 0x00000000c4580000, 0x00000000eb400000)
  object space 42496K, 33% used [0x00000000c1c00000,0x00000000c29b9000,0x00000000c4580000)
 Metaspace       used 24349K, capacity 24816K, committed 25088K, reserved 1071104K
  class space    used 3163K, capacity 3275K, committed 3328K, reserved 1048576K
}
Event: 5.429 GC heap before
{Heap before GC invocations=11 (full 1):
 PSYoungGen      total 139776K, used 137945K [0x00000000eb400000, 0x00000000f7480000, 0x0000000100000000)
  eden space 131072K, 100% used [0x00000000eb400000,0x00000000f3400000,0x00000000f3400000)
  from space 8704K, 78% used [0x00000000f3400000,0x00000000f3ab6630,0x00000000f3c80000)
  to   space 9216K, 0% used [0x00000000f6b80000,0x00000000f6b80000,0x00000000f7480000)
 ParOldGen       total 42496K, used 14052K [0x00000000c1c00000, 0x00000000c4580000, 0x00000000eb400000)
  object space 42496K, 33% used [0x00000000c1c00000,0x00000000c29b9000,0x00000000c4580000)
 Metaspace       used 31467K, capacity 32026K, committed 32256K, reserved 1077248K
  class space    used 4101K, capacity 4227K, committed 4352K, reserved 1048576K
Event: 5.443 GC heap after
Heap after GC invocations=11 (full 1):
 PSYoungGen      total 184320K, used 9204K [0x00000000eb400000, 0x00000000f7600000, 0x0000000100000000)
  eden space 175104K, 0% used [0x00000000eb400000,0x00000000eb400000,0x00000000f5f00000)
  from space 9216K, 99% used [0x00000000f6b80000,0x00000000f747d3a8,0x00000000f7480000)
  to   space 11776K, 0% used [0x00000000f5f00000,0x00000000f5f00000,0x00000000f6a80000)
 ParOldGen       total 42496K, used 18812K [0x00000000c1c00000, 0x00000000c4580000, 0x00000000eb400000)
  object space 42496K, 44% used [0x00000000c1c00000,0x00000000c2e5f3e0,0x00000000c4580000)
 Metaspace       used 31467K, capacity 32026K, committed 32256K, reserved 1077248K
  class space    used 4101K, capacity 4227K, committed 4352K, reserved 1048576K
}
Event: 6.135 GC heap before
{Heap before GC invocations=12 (full 1):
 PSYoungGen      total 184320K, used 137374K [0x00000000eb400000, 0x00000000f7600000, 0x0000000100000000)
  eden space 175104K, 73% used [0x00000000eb400000,0x00000000f312a4b0,0x00000000f5f00000)
  from space 9216K, 99% used [0x00000000f6b80000,0x00000000f747d3a8,0x00000000f7480000)
  to   space 11776K, 0% used [0x00000000f5f00000,0x00000000f5f00000,0x00000000f6a80000)
 ParOldGen       total 42496K, used 18812K [0x00000000c1c00000, 0x00000000c4580000, 0x00000000eb400000)
  object space 42496K, 44% used [0x00000000c1c00000,0x00000000c2e5f3e0,0x00000000c4580000)
 Metaspace       used 34772K, capacity 35336K, committed 35416K, reserved 1079296K
  class space    used 4556K, capacity 4720K, committed 4736K, reserved 1048576K
Event: 6.151 GC heap after
Heap after GC invocations=12 (full 1):
 PSYoungGen      total 186880K, used 8230K [0x00000000eb400000, 0x00000000fb080000, 0x0000000100000000)
  eden space 175104K, 0% used [0x00000000eb400000,0x00000000eb400000,0x00000000f5f00000)
  from space 11776K, 69% used [0x00000000f5f00000,0x00000000f6709890,0x00000000f6a80000)
  to   space 12288K, 0% used [0x00000000fa480000,0x00000000fa480000,0x00000000fb080000)
 ParOldGen       total 42496K, used 27370K [0x00000000c1c00000, 0x00000000c4580000, 0x00000000eb400000)
  object space 42496K, 64% used [0x00000000c1c00000,0x00000000c36ba928,0x00000000c4580000)
 Metaspace       used 34772K, capacity 35336K, committed 35416K, reserved 1079296K
  class space    used 4556K, capacity 4720K, committed 4736K, reserved 1048576K
}
Event: 6.151 GC heap before
{Heap before GC invocations=13 (full 2):
 PSYoungGen      total 186880K, used 8230K [0x00000000eb400000, 0x00000000fb080000, 0x0000000100000000)
  eden space 175104K, 0% used [0x00000000eb400000,0x00000000eb400000,0x00000000f5f00000)
  from space 11776K, 69% used [0x00000000f5f00000,0x00000000f6709890,0x00000000f6a80000)
  to   space 12288K, 0% used [0x00000000fa480000,0x00000000fa480000,0x00000000fb080000)
 ParOldGen       total 42496K, used 27370K [0x00000000c1c00000, 0x00000000c4580000, 0x00000000eb400000)
  object space 42496K, 64% used [0x00000000c1c00000,0x00000000c36ba928,0x00000000c4580000)
 Metaspace       used 34772K, capacity 35336K, committed 35416K, reserved 1079296K
  class space    used 4556K, capacity 4720K, committed 4736K, reserved 1048576K
Event: 6.291 GC heap after
Heap after GC invocations=13 (full 2):
 PSYoungGen      total 186880K, used 0K [0x00000000eb400000, 0x00000000fb080000, 0x0000000100000000)
  eden space 175104K, 0% used [0x00000000eb400000,0x00000000eb400000,0x00000000f5f00000)
  from space 11776K, 0% used [0x00000000f5f00000,0x00000000f5f00000,0x00000000f6a80000)
  to   space 12288K, 0% used [0x00000000fa480000,0x00000000fa480000,0x00000000fb080000)
 ParOldGen       total 71680K, used 27111K [0x00000000c1c00000, 0x00000000c6200000, 0x00000000eb400000)
  object space 71680K, 37% used [0x00000000c1c00000,0x00000000c3679f60,0x00000000c6200000)
 Metaspace       used 34772K, capacity 35336K, committed 35416K, reserved 1079296K
  class space    used 4556K, capacity 4720K, committed 4736K, reserved 1048576K
}

Deoptimization events (0 events):
No events

Classes redefined (0 events):
No events

Internal exceptions (10 events):
Event: 6.366 Thread 0x0000000017be4800 Exception <a 'java/lang/ClassNotFoundException': org/springframework/web/context/ServletContextAwareCustomizer> (0x00000000ec4f1c10) thrown at [C:\re\workspace\8-2-build-windows-amd64-cygwin\jdk8u181\11358\hotspot\src\share\vm\classfile\systemDictionary.c
Event: 6.366 Thread 0x0000000017be4800 Exception <a 'java/lang/ClassNotFoundException': org/springframework/context/ApplicationContextAwareCustomizer> (0x00000000ec50ba08) thrown at [C:\re\workspace\8-2-build-windows-amd64-cygwin\jdk8u181\11358\hotspot\src\share\vm\classfile\systemDictionary.c
Event: 6.368 Thread 0x0000000017be4800 Exception <a 'java/lang/ClassNotFoundException': java/lang/ObjectCustomizer> (0x00000000ec546e20) thrown at [C:\re\workspace\8-2-build-windows-amd64-cygwin\jdk8u181\11358\hotspot\src\share\vm\classfile\systemDictionary.cpp, line 210]
Event: 6.368 Thread 0x0000000017be4800 Exception <a 'java/lang/ClassNotFoundException': org/springframework/boot/autoconfigure/thymeleaf/ThymeleafPropertiesCustomizer> (0x00000000ec568670) thrown at [C:\re\workspace\8-2-build-windows-amd64-cygwin\jdk8u181\11358\hotspot\src\share\vm\classfile\s
Event: 6.373 Thread 0x0000000017be4800 Exception <a 'java/lang/ArrayIndexOutOfBoundsException'> (0x00000000ec62c2f8) thrown at [C:\re\workspace\8-2-build-windows-amd64-cygwin\jdk8u181\11358\hotspot\src\share\vm\runtime\sharedRuntime.cpp, line 605]
Event: 6.374 Thread 0x0000000017be4800 Exception <a 'java/lang/ClassNotFoundException': java/lang/ObjectCustomizer> (0x00000000ec65c9b8) thrown at [C:\re\workspace\8-2-build-windows-amd64-cygwin\jdk8u181\11358\hotspot\src\share\vm\classfile\systemDictionary.cpp, line 210]
Event: 6.375 Thread 0x0000000017be4800 Exception <a 'java/lang/ClassNotFoundException': org/springframework/boot/autoconfigure/thymeleaf/AbstractTemplateResolverConfigurationCustomizer> (0x00000000ec683de8) thrown at [C:\re\workspace\8-2-build-windows-amd64-cygwin\jdk8u181\11358\hotspot\src\sh
Event: 6.375 Thread 0x0000000017be4800 Exception <a 'java/lang/ClassNotFoundException': org/springframework/boot/autoconfigure/thymeleaf/ThymeleafAutoConfiguration$Thymeleaf2Configuration$DefaultTemplateResolverConfigurationCustomizer> (0x00000000ec6b7fc0) thrown at [C:\re\workspace\8-2-build-
Event: 6.375 Thread 0x0000000017be4800 Exception <a 'java/lang/ClassNotFoundException': org/springframework/boot/autoconfigure/thymeleaf/ThymeleafAutoConfiguration$Thymeleaf2Configuration$DefaultTemplateResolverConfiguration$$EnhancerBySpringCGLIB$$6b7962aaCustomizer> (0x00000000ec6f50a8) thro
Event: 6.376 Thread 0x0000000017be4800 Exception <a 'java/lang/ClassNotFoundException': org/springframework/context/annotation/ConfigurationClassEnhancer$EnhancedConfigurationCustomizer> (0x00000000ec7221f0) thrown at [C:\re\workspace\8-2-build-windows-amd64-cygwin\jdk8u181\11358\hotspot\src\s

Events (10 events):
Event: 6.383 loading class org/thymeleaf/templateparser/xmlsax/AbstractValidatingSAXTemplateParser
Event: 6.383 loading class org/thymeleaf/templateparser/xmlsax/AbstractValidatingSAXTemplateParser done
Event: 6.384 loading class com/sun/org/apache/xerces/internal/jaxp/DefaultValidationErrorHandler
Event: 6.384 loading class com/sun/org/apache/xerces/internal/jaxp/DefaultValidationErrorHandler done
Event: 6.385 loading class org/thymeleaf/templateparser/xmlsax/XhtmlAndHtml5NonValidatingSAXTemplateParser
Event: 6.385 loading class org/thymeleaf/templateparser/xmlsax/XhtmlAndHtml5NonValidatingSAXTemplateParser done
Event: 6.386 loading class org/thymeleaf/templatewriter/XhtmlHtml5TemplateWriter
Event: 6.386 loading class org/thymeleaf/templatewriter/XhtmlHtml5TemplateWriter done
Event: 6.386 loading class org/thymeleaf/templateparser/xmlsax/XhtmlValidatingSAXTemplateParser
Event: 6.386 loading class org/thymeleaf/templateparser/xmlsax/XhtmlValidatingSAXTemplateParser done


Dynamic libraries:
0x00007ff707390000 - 0x00007ff7073c7000 	C:\Program Files\Java\jdk1.8.0_181\bin\java.exe
0x00007ffb09d90000 - 0x00007ffb09f71000 	C:\WINDOWS\SYSTEM32\ntdll.dll
0x00007ffb073d0000 - 0x00007ffb07482000 	C:\WINDOWS\System32\KERNEL32.DLL
0x00007ffb06e50000 - 0x00007ffb070c3000 	C:\WINDOWS\System32\KERNELBASE.dll
0x00007ffb07490000 - 0x00007ffb07531000 	C:\WINDOWS\System32\ADVAPI32.dll
0x00007ffb07550000 - 0x00007ffb075ee000 	C:\WINDOWS\System32\msvcrt.dll
0x00007ffb07fb0000 - 0x00007ffb0800b000 	C:\WINDOWS\System32\sechost.dll
0x00007ffb071f0000 - 0x00007ffb07314000 	C:\WINDOWS\System32\RPCRT4.dll
0x00007ffb07860000 - 0x00007ffb079f0000 	C:\WINDOWS\System32\USER32.dll
0x00007ffb070d0000 - 0x00007ffb070f0000 	C:\WINDOWS\System32\win32u.dll
0x00007ffb09550000 - 0x00007ffb09578000 	C:\WINDOWS\System32\GDI32.dll
0x00007ffb06ac0000 - 0x00007ffb06c52000 	C:\WINDOWS\System32\gdi32full.dll
0x00007ffb069a0000 - 0x00007ffb06a3f000 	C:\WINDOWS\System32\msvcp_win.dll
0x00007ffb06840000 - 0x00007ffb0693a000 	C:\WINDOWS\System32\ucrtbase.dll
0x00007ffaf8440000 - 0x00007ffaf86a9000 	C:\WINDOWS\WinSxS\amd64_microsoft.windows.common-controls_6595b64144ccf1df_6.0.17134.472_none_fb3f9af53068156d\COMCTL32.dll
0x00007ffb09a00000 - 0x00007ffb09d22000 	C:\WINDOWS\System32\combase.dll
0x00007ffb06a40000 - 0x00007ffb06aba000 	C:\WINDOWS\System32\bcryptPrimitives.dll
0x00007ffb07a60000 - 0x00007ffb07a8d000 	C:\WINDOWS\System32\IMM32.DLL
0x00000000677f0000 - 0x00000000678c2000 	C:\Program Files\Java\jdk1.8.0_181\jre\bin\msvcr100.dll
0x0000000066150000 - 0x00000000669f2000 	C:\Program Files\Java\jdk1.8.0_181\jre\bin\server\jvm.dll
0x00007ffb07a50000 - 0x00007ffb07a58000 	C:\WINDOWS\System32\PSAPI.DLL
0x00007ffafe590000 - 0x00007ffafe5b3000 	C:\WINDOWS\SYSTEM32\WINMM.dll
0x00007ffaf66b0000 - 0x00007ffaf66b9000 	C:\WINDOWS\SYSTEM32\WSOCK32.dll
0x00007ffb07f40000 - 0x00007ffb07fac000 	C:\WINDOWS\System32\WS2_32.dll
0x00007ffafe200000 - 0x00007ffafe20a000 	C:\WINDOWS\SYSTEM32\VERSION.dll
0x00007ffafe560000 - 0x00007ffafe58a000 	C:\WINDOWS\SYSTEM32\WINMMBASE.dll
0x00007ffb071a0000 - 0x00007ffb071e9000 	C:\WINDOWS\System32\cfgmgr32.dll
0x00000000677e0000 - 0x00000000677ef000 	C:\Program Files\Java\jdk1.8.0_181\jre\bin\verify.dll
0x00000000677b0000 - 0x00000000677d9000 	C:\Program Files\Java\jdk1.8.0_181\jre\bin\java.dll
0x0000000067780000 - 0x00000000677a3000 	C:\Program Files\Java\jdk1.8.0_181\jre\bin\instrument.dll
0x0000000067760000 - 0x0000000067776000 	C:\Program Files\Java\jdk1.8.0_181\jre\bin\zip.dll
0x00007ffb08010000 - 0x00007ffb09450000 	C:\WINDOWS\System32\SHELL32.dll
0x00007ffb07320000 - 0x00007ffb073c9000 	C:\WINDOWS\System32\shcore.dll
0x00007ffb06130000 - 0x00007ffb0683d000 	C:\WINDOWS\System32\windows.storage.dll
0x00007ffb079f0000 - 0x00007ffb07a41000 	C:\WINDOWS\System32\shlwapi.dll
0x00007ffb06110000 - 0x00007ffb06121000 	C:\WINDOWS\System32\kernel.appcore.dll
0x00007ffb06070000 - 0x00007ffb0608f000 	C:\WINDOWS\System32\profapi.dll
0x00007ffb060c0000 - 0x00007ffb0610c000 	C:\WINDOWS\System32\powrprof.dll
0x00007ffb06090000 - 0x00007ffb0609a000 	C:\WINDOWS\System32\FLTLIB.DLL
0x00007ffaefe50000 - 0x00007ffaefe6a000 	D:\Software\IntelliJ IDEA 2018.2.1\bin\breakgen64.dll
0x0000000067740000 - 0x000000006775a000 	C:\Program Files\Java\jdk1.8.0_181\jre\bin\net.dll
0x00007ffb058f0000 - 0x00007ffb05956000 	C:\WINDOWS\system32\mswsock.dll
0x0000000067650000 - 0x000000006765d000 	C:\Program Files\Java\jdk1.8.0_181\jre\bin\management.dll
0x0000000067630000 - 0x0000000067641000 	C:\Program Files\Java\jdk1.8.0_181\jre\bin\nio.dll
0x00007ffb01470000 - 0x00007ffb01486000 	C:\WINDOWS\system32\napinsp.dll
0x00007ffb01450000 - 0x00007ffb0146a000 	C:\WINDOWS\system32\pnrpnsp.dll
0x00007ffb015f0000 - 0x00007ffb01609000 	C:\WINDOWS\system32\NLAapi.dll
0x00007ffb056c0000 - 0x00007ffb0577e000 	C:\WINDOWS\SYSTEM32\DNSAPI.dll
0x00007ffb09580000 - 0x00007ffb09588000 	C:\WINDOWS\System32\NSI.dll
0x00007ffb05670000 - 0x00007ffb056a8000 	C:\WINDOWS\SYSTEM32\IPHLPAPI.DLL
0x00007ffb01440000 - 0x00007ffb0144e000 	C:\WINDOWS\System32\winrnr.dll
0x00007ffb00610000 - 0x00007ffb00625000 	C:\WINDOWS\System32\wshbth.dll
0x00007ffaf6c10000 - 0x00007ffaf6c1a000 	C:\Windows\System32\rasadhlp.dll
0x00007ffaf5c80000 - 0x00007ffaf5cf2000 	C:\WINDOWS\System32\fwpuclnt.dll
0x00007ffb05bd0000 - 0x00007ffb05bf5000 	C:\WINDOWS\SYSTEM32\bcrypt.dll
0x00007ffb05aa0000 - 0x00007ffb05ab7000 	C:\WINDOWS\SYSTEM32\CRYPTSP.dll
0x00007ffb054d0000 - 0x00007ffb05503000 	C:\WINDOWS\system32\rsaenh.dll
0x00007ffb05f70000 - 0x00007ffb05f98000 	C:\WINDOWS\SYSTEM32\USERENV.dll
0x00007ffb05ac0000 - 0x00007ffb05acb000 	C:\WINDOWS\SYSTEM32\CRYPTBASE.dll
0x00007ffafef30000 - 0x00007ffafef46000 	C:\WINDOWS\SYSTEM32\dhcpcsvc6.DLL
0x00007ffaff2c0000 - 0x00007ffaff2da000 	C:\WINDOWS\SYSTEM32\dhcpcsvc.DLL
0x0000000065240000 - 0x0000000065264000 	C:\Program Files\Java\jdk1.8.0_181\jre\bin\sunec.dll

VM Arguments:
jvm_args: -XX:TieredStopAtLevel=1 -Xverify:none -Dspring.output.ansi.enabled=always -Dcom.sun.management.jmxremote -Dcom.sun.management.jmxremote.port=54395 -Dcom.sun.management.jmxremote.authenticate=false -Dcom.sun.management.jmxremote.ssl=false -Djava.rmi.server.hostname=localhost -Dspring.liveBeansView.mbeanDomain -Dspring.application.admin.enabled=true -javaagent:D:\Software\IntelliJ IDEA 2018.2.1\lib\idea_rt.jar=54396:D:\Software\IntelliJ IDEA 2018.2.1\bin -Dfile.encoding=UTF-8 
java_command: com.future.FutureApplication
java_class_path (initial): C:\Program Files\Java\jdk1.8.0_181\jre\lib\charsets.jar;C:\Program Files\Java\jdk1.8.0_181\jre\lib\deploy.jar;C:\Program Files\Java\jdk1.8.0_181\jre\lib\ext\access-bridge-64.jar;C:\Program Files\Java\jdk1.8.0_181\jre\lib\ext\cldrdata.jar;C:\Program Files\Java\jdk1.8.0_181\jre\lib\ext\dnsns.jar;C:\Program Files\Java\jdk1.8.0_181\jre\lib\ext\jaccess.jar;C:\Program Files\Java\jdk1.8.0_181\jre\lib\ext\jfxrt.jar;C:\Program Files\Java\jdk1.8.0_181\jre\lib\ext\localedata.jar;C:\Program Files\Java\jdk1.8.0_181\jre\lib\ext\nashorn.jar;C:\Program Files\Java\jdk1.8.0_181\jre\lib\ext\sunec.jar;C:\Program Files\Java\jdk1.8.0_181\jre\lib\ext\sunjce_provider.jar;C:\Program Files\Java\jdk1.8.0_181\jre\lib\ext\sunmscapi.jar;C:\Program Files\Java\jdk1.8.0_181\jre\lib\ext\sunpkcs11.jar;C:\Program Files\Java\jdk1.8.0_181\jre\lib\ext\zipfs.jar;C:\Program Files\Java\jdk1.8.0_181\jre\lib\javaws.jar;C:\Program Files\Java\jdk1.8.0_181\jre\lib\jce.jar;C:\Program Files\Java\jdk1.8.0_181\jre\lib\jfr.jar;C:\Program Files\Java\jdk1.8.0_181\jre\lib\jfxswt.jar;C:\Program Files\Java\jdk1.8.0_181\jre\lib\jsse.jar;C:\Program Files\Java\jdk1.8.0_181\jre\lib\management-agent.jar;C:\Program Files\Java\jdk1.8.0_181\jre\lib\plugin.jar;C:\Program Files\Java\jdk1.8.0_181\jre\lib\resources.jar;C:\Program Files\Java\jdk1.8.0_181\jre\lib\rt.jar;D:\FUTURE PROGRAM\project-1-robin-habib\project-1-robin-habib\future\target\classes;C:\Users\ACER\.m2\repository\org\springframework\boot\spring-boot-starter-web\1.5.3.RELEASE\spring-boot-starter-web-1.5.3.RELEASE.jar;C:\Users\ACER\.m2\repository\org\springframework\boot\spring-boot-starter\1.5.3.RELEASE\spring-boot-starter-1.5.3.RELEASE.jar;C:\Users\ACER\.m2\repository\org\springframework\boot\spring-boot-starter-logging\1.5.3.RELEASE\spring-boot-starter-logging-1.5.3.RELEASE.jar;C:\Users\ACER\.m2\repository\ch\qos\logback\logback-classic\1.1.11\logback-classic-1.1.11.jar;C:\Users\ACER\.m2\repository\ch\qos\logback\logback-core\1.1.11\logba
Launcher Type: SUN_STANDARD

Environment Variables:
JAVA_HOME=C:\Program Files\Java\jdk1.8.0_101
PATH=C:\Program Files (x86)\Common Files\Oracle\Java\javapath;C:\ProgramData\Oracle\Java\javapath;C:\Windows\system32;C:\Windows;C:\Windows\System32\Wbem;C:\Windows\System32\WindowsPowerShell\v1.0\;C:\adb;C:\WINDOWS\system32;C:\WINDOWS;C:\WINDOWS\System32\Wbem;C:\WINDOWS\System32\WindowsPowerShell\v1.0\;C:\Program Files\Microsoft SQL Server\120\Tools\Binn\;D:\Software\Microsoft VS Code\bin;D:\Software\Git\cmd;C:\Program Files\Java\jdk1.8.0_181\bin\;D:\FUTURE PROGRAM\apps\server\apache-maven-3.5.4\bin\;D:\Software\Brackets\command;D:\Software\nodeJS\;C:\Program Files\IBM\Cloud\bin;C:\Program Files\apache-maven-3.5.4\bin;;C:\WINDOWS\System32\OpenSSH\;C:\Users\ACER\AppData\Local\Microsoft\WindowsApps;C:\Users\ACER\AppData\Roaming\npm;
USERNAME=HAKIM
OS=Windows_NT
PROCESSOR_IDENTIFIER=Intel64 Family 6 Model 142 Stepping 9, GenuineIntel



---------------  S Y S T E M  ---------------

OS: Windows 10.0 , 64 bit Build 17134 (10.0.17134.1)

CPU:total 4 (initial active 4) (2 cores per cpu, 2 threads per core) family 6 model 142 stepping 9, cmov, cx8, fxsr, mmx, sse, sse2, sse3, ssse3, sse4.1, sse4.2, popcnt, avx, avx2, aes, clmul, erms, 3dnowpref, lzcnt, ht, tsc, tscinvbit, bmi1, bmi2, adx

Memory: 4k page, physical 4071980k(419340k free), swap 9908780k(5776k free)

vm_info: Java HotSpot(TM) 64-Bit Server VM (25.181-b13) for windows-amd64 JRE (1.8.0_181-b13), built on Jul  7 2018 04:01:33 by "java_re" with MS VC++ 10.0 (VS2010)

time: Fri Dec 28 01:14:55 2018
elapsed time: 6 seconds (0d 0h 0m 6s)

